<?xml version="1.0" encoding="UTF-8"?>
<robot generator="Robot 7.3.2 (Python 3.13.5 on win32)" generated="2025-07-30T19:30:33.769395" rpa="false" schemaversion="5">
<suite id="s1" name="Tests" source="z:\Visual Studio Code\Automation\tests">
<suite id="s1-s1" name="Smoke Test" source="z:\Visual Studio Code\Automation\tests\smoke_test.robot">
<test id="s1-s1-t1" name="MFVC-T198 - Verify whether grid overlay is applied over the image" line="132">
<kw name="Click Grid Overlay Button" owner="image_editor">
<kw name="Click" owner="SikuliLibrary">
<msg time="2025-07-30T19:30:38.271562" level="INFO" html="true">&lt;img src='sikuli_captured/sikuliximage-1753884037442.png'/&gt;
[log] CLICK on L[30,895]@S(0) (570 msec)</msg>
<arg>${locators}grid_overlay_button.png</arg>
<doc>Click</doc>
<status status="PASS" start="2025-07-30T19:30:37.027255" elapsed="1.247154"/>
</kw>
<doc>Click the grid overlay button to apply grid overlay on the image</doc>
<status status="PASS" start="2025-07-30T19:30:37.026708" elapsed="1.248006"/>
</kw>
<kw name="Compare Image Viewer" owner="image_editor">
<kw name="Screen Should Contain" owner="SikuliLibrary">
<msg time="2025-07-30T19:30:39.009361" level="INFO">Could not find P(z:\Visual Studio Code\Automation\tests/../locators/grid_overlay_viewer.png) S: 0.699999988079071</msg>
<msg time="2025-07-30T19:30:39.009388" level="INFO" html="true">&lt;img src='sikuli_captured/sikuliximage-1753884038665.png'/&gt;</msg>
<msg time="2025-07-30T19:30:39.010030" level="FAIL">com.github.rainmanwy.robotframework.sikulilib.exceptions.ScreenOperationException: Screen should contain z:\Visual Studio Code\Automation\tests/../locators/grid_overlay_viewer.png</msg>
<arg>${locators}${file_name}</arg>
<doc>Screen should contain</doc>
<status status="FAIL" start="2025-07-30T19:30:38.276527" elapsed="0.736120">com.github.rainmanwy.robotframework.sikulilib.exceptions.ScreenOperationException: Screen should contain z:\Visual Studio Code\Automation\tests/../locators/grid_overlay_viewer.png</status>
</kw>
<arg>grid_overlay_viewer.png</arg>
<doc>Compare the image viewer with the expected image</doc>
<status status="FAIL" start="2025-07-30T19:30:38.275906" elapsed="0.737224">com.github.rainmanwy.robotframework.sikulilib.exceptions.ScreenOperationException: Screen should contain z:\Visual Studio Code\Automation\tests/../locators/grid_overlay_viewer.png</status>
</kw>
<doc>Test grid overlay functionality</doc>
<tag>Smoke Test</tag>
<status status="FAIL" start="2025-07-30T19:30:37.025574" elapsed="1.988383">com.github.rainmanwy.robotframework.sikulilib.exceptions.ScreenOperationException: Screen should contain z:\Visual Studio Code\Automation\tests/../locators/grid_overlay_viewer.png</status>
</test>
<doc>Sample test suite for VC Security application</doc>
<status status="FAIL" start="2025-07-30T19:30:33.790905" elapsed="5.224336"/>
</suite>
<doc>Somke test suite for VC Security application</doc>
<status status="FAIL" start="2025-07-30T19:30:33.773959" elapsed="5.242723"/>
</suite>
<statistics>
<total>
<stat pass="0" fail="1" skip="0">All Tests</stat>
</total>
<tag>
<stat pass="0" fail="1" skip="0">Smoke Test</stat>
</tag>
<suite>
<stat name="Tests" id="s1" pass="0" fail="1" skip="0">Tests</stat>
<stat name="Smoke Test" id="s1-s1" pass="0" fail="1" skip="0">Tests.Smoke Test</stat>
</suite>
</statistics>
<errors>
</errors>
</robot>
