<?xml version="1.0" encoding="UTF-8"?>
<robot generator="Robot 7.3.2 (Python 3.13.5 on win32)" generated="2025-07-29T17:08:08.871099" rpa="false" schemaversion="5">
<suite id="s1" name="Automation" source="Z:\Visual Studio Code\Automation">
<suite id="s1-s1" name="Tests" source="Z:\Visual Studio Code\Automation\tests">
<suite id="s1-s1-s1" name="Smoke Test" source="Z:\Visual Studio Code\Automation\tests\smoke_test.robot">
<test id="s1-s1-s1-t1" name="MFVC-T199 - Verify whether grid overlay is removed from the image" line="137">
<kw name="Click Grid Overlay Button" owner="image_editor">
<kw name="Click" owner="SikuliLibrary">
<msg time="2025-07-29T17:08:13.318669" level="INFO" html="true">&lt;img src='sikuli_captured/sikuliximage-1753789092398.png'/&gt;
[log] CLICK on L[30,895]@S(0) (568 msec)</msg>
<arg>${locators}grid_overlay_button.png</arg>
<doc>Click</doc>
<status status="PASS" start="2025-07-29T17:08:11.977046" elapsed="1.341902"/>
</kw>
<doc>Click the grid overlay button to apply grid overlay on the image</doc>
<status status="PASS" start="2025-07-29T17:08:11.976398" elapsed="1.342761"/>
</kw>
<kw name="Compare Image Viewer" owner="image_editor">
<kw name="Screen Should Contain" owner="SikuliLibrary">
<msg time="2025-07-29T17:08:14.071446" level="INFO">Could not find P(Z:\Visual Studio Code\Automation\tests/../locators/image_viewer.png) S: 0.699999988079071</msg>
<msg time="2025-07-29T17:08:14.071464" level="INFO" html="true">&lt;img src='sikuli_captured/sikuliximage-1753789093667.png'/&gt;</msg>
<msg time="2025-07-29T17:08:14.072051" level="FAIL">com.github.rainmanwy.robotframework.sikulilib.exceptions.ScreenOperationException: Screen should contain Z:\Visual Studio Code\Automation\tests/../locators/image_viewer.png</msg>
<arg>${locators}${file_name}</arg>
<doc>Screen should contain</doc>
<status status="FAIL" start="2025-07-29T17:08:13.320388" elapsed="0.752195">com.github.rainmanwy.robotframework.sikulilib.exceptions.ScreenOperationException: Screen should contain Z:\Visual Studio Code\Automation\tests/../locators/image_viewer.png</status>
</kw>
<arg>image_viewer.png</arg>
<doc>Compare the image viewer with the expected image</doc>
<status status="FAIL" start="2025-07-29T17:08:13.319572" elapsed="0.753243">com.github.rainmanwy.robotframework.sikulilib.exceptions.ScreenOperationException: Screen should contain Z:\Visual Studio Code\Automation\tests/../locators/image_viewer.png</status>
</kw>
<doc>Test grid overlay removal functionality</doc>
<tag>Smoke Test</tag>
<status status="FAIL" start="2025-07-29T17:08:11.975262" elapsed="2.097931">com.github.rainmanwy.robotframework.sikulilib.exceptions.ScreenOperationException: Screen should contain Z:\Visual Studio Code\Automation\tests/../locators/image_viewer.png</status>
</test>
<doc>Sample test suite for VC Security application</doc>
<status status="FAIL" start="2025-07-29T17:08:08.903155" elapsed="5.171006"/>
</suite>
<doc>Somke test suite for VC Security application</doc>
<status status="FAIL" start="2025-07-29T17:08:08.897102" elapsed="5.177980"/>
</suite>
<status status="FAIL" start="2025-07-29T17:08:08.878327" elapsed="5.197491"/>
</suite>
<statistics>
<total>
<stat pass="0" fail="1" skip="0">All Tests</stat>
</total>
<tag>
<stat pass="0" fail="1" skip="0">Smoke Test</stat>
</tag>
<suite>
<stat name="Automation" id="s1" pass="0" fail="1" skip="0">Automation</stat>
<stat name="Tests" id="s1-s1" pass="0" fail="1" skip="0">Automation.Tests</stat>
<stat name="Smoke Test" id="s1-s1-s1" pass="0" fail="1" skip="0">Automation.Tests.Smoke Test</stat>
</suite>
</statistics>
<errors>
</errors>
</robot>
